[35m[1mScanning dependencies of target _graspit_interface_generate_messages_check_deps_PlanGraspsFeedback[0m
[35m[1mScanning dependencies of target actionlib_generate_messages_cpp[0m
[35m[1mScanning dependencies of target _graspit_interface_generate_messages_check_deps_FindInitialContact[0m
[35m[1mScanning dependencies of target _graspit_interface_generate_messages_check_deps_ApproachToContact[0m
[35m[1mScanning dependencies of target _graspit_interface_generate_messages_check_deps_ComputeEnergy[0m
[35m[1mScanning dependencies of target _graspit_interface_generate_messages_check_deps_ComputeQuality[0m
[35m[1mScanning dependencies of target _graspit_interface_generate_messages_check_deps_LoadWorld[0m
[35m[1mScanning dependencies of target _graspit_interface_generate_messages_check_deps_SaveWorld[0m
[35m[1mScanning dependencies of target _graspit_interface_generate_messages_check_deps_AutoGrasp[0m
[35m[1mScanning dependencies of target _graspit_interface_generate_messages_check_deps_SetBodyPose[0m
[35m[1mScanning dependencies of target _graspit_interface_generate_messages_check_deps_ToggleAllCollisions[0m
[35m[1mScanning dependencies of target _graspit_interface_generate_messages_check_deps_SaveImage[0m
[35m[1mScanning dependencies of target _graspit_interface_generate_messages_check_deps_ImportGraspableBody[0m
[35m[1mScanning dependencies of target _graspit_interface_generate_messages_check_deps_ImportObstacle[0m
[35m[1mScanning dependencies of target _graspit_interface_generate_messages_check_deps_MoveDOFToContacts[0m
[35m[1mScanning dependencies of target _graspit_interface_generate_messages_check_deps_AutoOpen[0m
[35m[1mScanning dependencies of target _graspit_interface_generate_messages_check_deps_SetDynamics[0m
[35m[1mScanning dependencies of target _graspit_interface_generate_messages_check_deps_SetRobotDesiredDOF[0m
[  0%] Built target actionlib_generate_messages_cpp
[35m[1mScanning dependencies of target _graspit_interface_generate_messages_check_deps_SetRobotPose[0m
[  0%] Built target _graspit_interface_generate_messages_check_deps_ImportObstacle
[  0%] Built target _graspit_interface_generate_messages_check_deps_ToggleAllCollisions
[  0%] Built target _graspit_interface_generate_messages_check_deps_PlanGraspsFeedback
[  0%] Built target _graspit_interface_generate_messages_check_deps_ApproachToContact
[  0%] Built target _graspit_interface_generate_messages_check_deps_FindInitialContact
[  0%] Built target _graspit_interface_generate_messages_check_deps_SetBodyPose
[  0%] Built target _graspit_interface_generate_messages_check_deps_ComputeQuality
[35m[1mScanning dependencies of target _graspit_interface_generate_messages_check_deps_GetRobots[0m
[  0%] Built target _graspit_interface_generate_messages_check_deps_ComputeEnergy
[  0%] Built target _graspit_interface_generate_messages_check_deps_MoveDOFToContacts
[  0%] Built target _graspit_interface_generate_messages_check_deps_SaveImage
[  0%] Built target _graspit_interface_generate_messages_check_deps_SaveWorld
[  0%] Built target _graspit_interface_generate_messages_check_deps_ImportGraspableBody
[  0%] Built target _graspit_interface_generate_messages_check_deps_LoadWorld
[  0%] Built target _graspit_interface_generate_messages_check_deps_AutoGrasp
[35m[1mScanning dependencies of target _graspit_interface_generate_messages_check_deps_GetBodies[0m
[35m[1mScanning dependencies of target _graspit_interface_generate_messages_check_deps_GetBody[0m
[  0%] Built target _graspit_interface_generate_messages_check_deps_SetDynamics
[35m[1mScanning dependencies of target actionlib_msgs_generate_messages_py[0m
[  0%] Built target _graspit_interface_generate_messages_check_deps_AutoOpen
[35m[1mScanning dependencies of target _graspit_interface_generate_messages_check_deps_ClearWorld[0m
[35m[1mScanning dependencies of target _graspit_interface_generate_messages_check_deps_GetRobot[0m
[35m[1mScanning dependencies of target _graspit_interface_generate_messages_check_deps_PlanGraspsActionGoal[0m
[35m[1mScanning dependencies of target geometry_msgs_generate_messages_py[0m
[35m[1mScanning dependencies of target sensor_msgs_generate_messages_py[0m
[35m[1mScanning dependencies of target _graspit_interface_generate_messages_check_deps_GraspableBody[0m
[35m[1mScanning dependencies of target _graspit_interface_generate_messages_check_deps_Grasp[0m
[35m[1mScanning dependencies of target _graspit_interface_generate_messages_check_deps_SetGraspableBodyPose[0m
[35m[1mScanning dependencies of target _graspit_interface_generate_messages_check_deps_ForceRobotDOF[0m
[  0%] Built target _graspit_interface_generate_messages_check_deps_SetRobotDesiredDOF
[35m[1mScanning dependencies of target _graspit_interface_generate_messages_check_deps_GetGraspableBodies[0m
[  0%] Built target actionlib_msgs_generate_messages_py
[35m[1mScanning dependencies of target _graspit_interface_generate_messages_check_deps_SearchSpace[0m
[35m[1mScanning dependencies of target std_msgs_generate_messages_py[0m
[  0%] Built target _graspit_interface_generate_messages_check_deps_SetRobotPose
[  0%] Built target sensor_msgs_generate_messages_py
[  0%] Built target geometry_msgs_generate_messages_py
[35m[1mScanning dependencies of target _graspit_interface_generate_messages_check_deps_Robot[0m
[35m[1mScanning dependencies of target _graspit_interface_generate_messages_check_deps_GetDynamics[0m
[  0%] Built target std_msgs_generate_messages_py
[35m[1mScanning dependencies of target _graspit_interface_generate_messages_check_deps_PlanGraspsResult[0m
[35m[1mScanning dependencies of target _graspit_interface_generate_messages_check_deps_PlanGraspsGoal[0m
[35m[1mScanning dependencies of target _graspit_interface_generate_messages_check_deps_GetGraspableBody[0m
[35m[1mScanning dependencies of target _graspit_interface_generate_messages_check_deps_TactileSensorData[0m
[  0%] Built target _graspit_interface_generate_messages_check_deps_GetRobots
[  0%] Built target _graspit_interface_generate_messages_check_deps_GetBodies
[  0%] Built target _graspit_interface_generate_messages_check_deps_GraspableBody
[  0%] Built target _graspit_interface_generate_messages_check_deps_ClearWorld
[  0%] Built target _graspit_interface_generate_messages_check_deps_GetBody
[35m[1mScanning dependencies of target actionlib_generate_messages_py[0m
[  0%] Built target _graspit_interface_generate_messages_check_deps_Grasp
[  0%] Built target _graspit_interface_generate_messages_check_deps_GetRobot
[  0%] Built target _graspit_interface_generate_messages_check_deps_GetGraspableBodies
[  0%] Built target _graspit_interface_generate_messages_check_deps_SetGraspableBodyPose
[35m[1mScanning dependencies of target _graspit_interface_generate_messages_check_deps_SearchContact[0m
[  0%] Built target _graspit_interface_generate_messages_check_deps_ForceRobotDOF
[  0%] Built target _graspit_interface_generate_messages_check_deps_PlanGraspsActionGoal
[35m[1mScanning dependencies of target _graspit_interface_generate_messages_check_deps_Planner[0m
[35m[1mScanning dependencies of target _graspit_interface_generate_messages_check_deps_Contact[0m
[35m[1mScanning dependencies of target _graspit_interface_generate_messages_check_deps_Energy[0m
[  0%] Built target _graspit_interface_generate_messages_check_deps_SearchSpace
[  0%] Built target actionlib_generate_messages_py
[35m[1mScanning dependencies of target _graspit_interface_generate_messages_check_deps_PlanGraspsAction[0m
[35m[1mScanning dependencies of target _graspit_interface_generate_messages_check_deps_SimAnnParams[0m
[  0%] Built target _graspit_interface_generate_messages_check_deps_GetDynamics
[  0%] Built target _graspit_interface_generate_messages_check_deps_Robot
[35m[1mScanning dependencies of target _graspit_interface_generate_messages_check_deps_DynamicAutoGraspComplete[0m
[35m[1mScanning dependencies of target _graspit_interface_generate_messages_check_deps_ImportRobot[0m
[35m[1mScanning dependencies of target _graspit_interface_generate_messages_check_deps_PlanGraspsActionResult[0m
[35m[1mScanning dependencies of target _graspit_interface_generate_messages_check_deps_PlanGraspsActionFeedback[0m
[35m[1mScanning dependencies of target _graspit_interface_generate_messages_check_deps_Body[0m
[  0%] Built target _graspit_interface_generate_messages_check_deps_PlanGraspsGoal
[35m[1mScanning dependencies of target actionlib_msgs_generate_messages_eus[0m
[35m[1mScanning dependencies of target geometry_msgs_generate_messages_eus[0m
[35m[1mScanning dependencies of target sensor_msgs_generate_messages_eus[0m
[  0%] Built target _graspit_interface_generate_messages_check_deps_PlanGraspsResult
[  0%] Built target _graspit_interface_generate_messages_check_deps_GetGraspableBody
[  0%] Built target _graspit_interface_generate_messages_check_deps_TactileSensorData
[35m[1mScanning dependencies of target actionlib_generate_messages_eus[0m
[  0%] Built target actionlib_msgs_generate_messages_eus
[  0%] Built target geometry_msgs_generate_messages_eus
[  0%] Built target sensor_msgs_generate_messages_eus
[35m[1mScanning dependencies of target std_msgs_generate_messages_eus[0m
[35m[1mScanning dependencies of target sensor_msgs_generate_messages_nodejs[0m
[  0%] Built target actionlib_generate_messages_eus
[35m[1mScanning dependencies of target std_msgs_generate_messages_nodejs[0m
[35m[1mScanning dependencies of target actionlib_generate_messages_nodejs[0m
[35m[1mScanning dependencies of target actionlib_msgs_generate_messages_nodejs[0m
[  0%] Built target std_msgs_generate_messages_eus
[  0%] Built target sensor_msgs_generate_messages_nodejs
[35m[1mScanning dependencies of target geometry_msgs_generate_messages_nodejs[0m
[  0%] Built target std_msgs_generate_messages_nodejs
[35m[1mScanning dependencies of target std_msgs_generate_messages_cpp[0m
[  0%] Built target actionlib_msgs_generate_messages_nodejs
[  0%] Built target _graspit_interface_generate_messages_check_deps_SearchContact
[  0%] Built target actionlib_generate_messages_nodejs
[35m[1mScanning dependencies of target actionlib_msgs_generate_messages_cpp[0m
[  0%] Built target _graspit_interface_generate_messages_check_deps_Planner
[  0%] Built target _graspit_interface_generate_messages_check_deps_DynamicAutoGraspComplete
[  0%] Built target _graspit_interface_generate_messages_check_deps_Energy
[  0%] Built target _graspit_interface_generate_messages_check_deps_Contact
[35m[1mScanning dependencies of target sensor_msgs_generate_messages_cpp[0m
[35m[1mScanning dependencies of target rosgraph_msgs_generate_messages_lisp[0m
[  0%] Built target actionlib_msgs_generate_messages_cpp
[  0%] Built target geometry_msgs_generate_messages_nodejs
[  0%] Built target std_msgs_generate_messages_cpp
[  0%] Built target _graspit_interface_generate_messages_check_deps_PlanGraspsActionResult
[35m[1mScanning dependencies of target roscpp_generate_messages_cpp[0m
[35m[1mScanning dependencies of target roscpp_generate_messages_eus[0m
[35m[1mScanning dependencies of target geometry_msgs_generate_messages_cpp[0m
[  0%] Built target _graspit_interface_generate_messages_check_deps_SimAnnParams
[35m[1mScanning dependencies of target sensor_msgs_generate_messages_lisp[0m
[  0%] Built target _graspit_interface_generate_messages_check_deps_ImportRobot
[  0%] Built target _graspit_interface_generate_messages_check_deps_Body
[  0%] Built target _graspit_interface_generate_messages_check_deps_PlanGraspsAction
[  0%] Built target _graspit_interface_generate_messages_check_deps_PlanGraspsActionFeedback
[35m[1mScanning dependencies of target rosgraph_msgs_generate_messages_py[0m
[35m[1mScanning dependencies of target rosgraph_msgs_generate_messages_eus[0m
[35m[1mScanning dependencies of target roscpp_generate_messages_lisp[0m
[35m[1mScanning dependencies of target roscpp_generate_messages_nodejs[0m
[35m[1mScanning dependencies of target _catkin_empty_exported_target[0m
[  0%] Built target sensor_msgs_generate_messages_cpp
[  0%] Built target rosgraph_msgs_generate_messages_lisp
[  0%] Built target roscpp_generate_messages_cpp
[  0%] Built target roscpp_generate_messages_eus
[35m[1mScanning dependencies of target geometry_msgs_generate_messages_lisp[0m
[35m[1mScanning dependencies of target rosgraph_msgs_generate_messages_nodejs[0m
[  0%] Built target geometry_msgs_generate_messages_cpp
[35m[1mScanning dependencies of target roscpp_generate_messages_py[0m
[  0%] Built target sensor_msgs_generate_messages_lisp
[35m[1mScanning dependencies of target actionlib_generate_messages_lisp[0m
[35m[1mScanning dependencies of target rosgraph_msgs_generate_messages_cpp[0m
[35m[1mScanning dependencies of target std_msgs_generate_messages_lisp[0m
[35m[1mScanning dependencies of target actionlib_msgs_generate_messages_lisp[0m
[  0%] Built target rosgraph_msgs_generate_messages_py
[  0%] Built target rosgraph_msgs_generate_messages_eus
[  0%] Built target geometry_msgs_generate_messages_lisp
[  0%] Built target roscpp_generate_messages_nodejs
[  0%] Built target roscpp_generate_messages_lisp
[  0%] Built target _catkin_empty_exported_target
[35m[1mScanning dependencies of target graspit_interface_generate_messages_py[0m
[35m[1mScanning dependencies of target graspit_interface_generate_messages_cpp[0m
[  0%] Built target rosgraph_msgs_generate_messages_nodejs
[  0%] Built target actionlib_generate_messages_lisp
[35m[1mScanning dependencies of target graspit_interface_generate_messages_nodejs[0m
[  0%] Built target std_msgs_generate_messages_lisp
[  0%] Built target actionlib_msgs_generate_messages_lisp
[  0%] Built target roscpp_generate_messages_py
[  0%] Built target rosgraph_msgs_generate_messages_cpp
[35m[1mScanning dependencies of target graspit_interface_generate_messages_eus[0m
[  0%] [34m[1mGenerating Python from MSG graspit_interface/SearchSpace[0m
[  1%] [34m[1mGenerating Python from MSG graspit_interface/Body[0m
[  1%] [34m[1mGenerating Python from MSG graspit_interface/Grasp[0m
[  1%] [34m[1mGenerating C++ code from graspit_interface/Body.msg[0m
[  2%] [34m[1mGenerating Python from MSG graspit_interface/GraspableBody[0m
[  2%] [34m[1mGenerating Python from MSG graspit_interface/Planner[0m
[  3%] [34m[1mGenerating Python from MSG graspit_interface/Robot[0m
[  3%] [34m[1mGenerating C++ code from graspit_interface/TactileSensorData.msg[0m
[  4%] [34m[1mGenerating Python from MSG graspit_interface/SearchContact[0m
[  4%] [34m[1mGenerating Python from MSG graspit_interface/TactileSensorData[0m
[  4%] [34m[1mGenerating C++ code from graspit_interface/GraspableBody.msg[0m
[  5%] [34m[1mGenerating C++ code from graspit_interface/Robot.msg[0m
[  5%] [34m[1mGenerating C++ code from graspit_interface/Planner.msg[0m
[  5%] [34m[1mGenerating Python from MSG graspit_interface/Energy[0m
[  6%] [34m[1mGenerating C++ code from graspit_interface/Grasp.msg[0m
[35m[1mScanning dependencies of target graspit_interface_generate_messages_lisp[0m
[  6%] [34m[1mGenerating Javascript code from graspit_interface/Body.msg[0m
[  6%] [34m[1mGenerating EusLisp code from graspit_interface/Body.msg[0m
[  6%] [34m[1mGenerating Lisp code from graspit_interface/Body.msg[0m
[  7%] [34m[1mGenerating Javascript code from graspit_interface/GraspableBody.msg[0m
[  7%] [34m[1mGenerating Lisp code from graspit_interface/GraspableBody.msg[0m
[  8%] [34m[1mGenerating EusLisp code from graspit_interface/GraspableBody.msg[0m
[  9%] [34m[1mGenerating Lisp code from graspit_interface/Robot.msg[0m
[  9%] [34m[1mGenerating Javascript code from graspit_interface/Robot.msg[0m
[  9%] [34m[1mGenerating EusLisp code from graspit_interface/Robot.msg[0m
[ 10%] [34m[1mGenerating EusLisp code from graspit_interface/TactileSensorData.msg[0m
[ 10%] [34m[1mGenerating EusLisp code from graspit_interface/Grasp.msg[0m
[ 10%] [34m[1mGenerating Lisp code from graspit_interface/TactileSensorData.msg[0m
[ 10%] [34m[1mGenerating EusLisp code from graspit_interface/Planner.msg[0m
[ 10%] [34m[1mGenerating C++ code from graspit_interface/SearchSpace.msg[0m
[ 11%] [34m[1mGenerating C++ code from graspit_interface/SearchContact.msg[0m
[ 11%] [34m[1mGenerating Python from MSG graspit_interface/Contact[0m
[ 12%] [34m[1mGenerating Lisp code from graspit_interface/Grasp.msg[0m
[ 13%] [34m[1mGenerating Lisp code from graspit_interface/Planner.msg[0m
[ 13%] [34m[1mGenerating Javascript code from graspit_interface/TactileSensorData.msg[0m
[ 14%] [34m[1mGenerating Lisp code from graspit_interface/SearchSpace.msg[0m
[ 14%] [34m[1mGenerating Lisp code from graspit_interface/SearchContact.msg[0m
[ 14%] [34m[1mGenerating Lisp code from graspit_interface/Energy.msg[0m
[ 15%] [34m[1mGenerating Python from MSG graspit_interface/SimAnnParams[0m
[ 16%] [34m[1mGenerating Lisp code from graspit_interface/Contact.msg[0m
[ 16%] [34m[1mGenerating Python from MSG graspit_interface/PlanGraspsAction[0m
[ 16%] [34m[1mGenerating Javascript code from graspit_interface/Grasp.msg[0m
[ 17%] [34m[1mGenerating Python from MSG graspit_interface/PlanGraspsActionGoal[0m
[ 18%] [34m[1mGenerating EusLisp code from graspit_interface/SearchSpace.msg[0m
[ 18%] [34m[1mGenerating EusLisp code from graspit_interface/SearchContact.msg[0m
[ 18%] [34m[1mGenerating Python from MSG graspit_interface/PlanGraspsActionResult[0m
[ 19%] [34m[1mGenerating EusLisp code from graspit_interface/Energy.msg[0m
[ 19%] [34m[1mGenerating EusLisp code from graspit_interface/Contact.msg[0m
[ 19%] [34m[1mGenerating EusLisp code from graspit_interface/SimAnnParams.msg[0m
[ 20%] [34m[1mGenerating EusLisp code from graspit_interface/PlanGraspsAction.msg[0m
[ 20%] [34m[1mGenerating EusLisp code from graspit_interface/PlanGraspsActionGoal.msg[0m
[ 20%] [34m[1mGenerating Lisp code from graspit_interface/SimAnnParams.msg[0m
[ 21%] [34m[1mGenerating Lisp code from graspit_interface/PlanGraspsAction.msg[0m
[ 21%] [34m[1mGenerating Lisp code from graspit_interface/PlanGraspsActionGoal.msg[0m
[ 21%] [34m[1mGenerating C++ code from graspit_interface/Energy.msg[0m
[ 21%] [34m[1mGenerating Javascript code from graspit_interface/Planner.msg[0m
[ 21%] [34m[1mGenerating Lisp code from graspit_interface/PlanGraspsActionResult.msg[0m
[ 23%] [34m[1mGenerating EusLisp code from graspit_interface/PlanGraspsActionResult.msg[0m
[ 23%] [34m[1mGenerating Lisp code from graspit_interface/PlanGraspsActionFeedback.msg[0m
[ 23%] [34m[1mGenerating EusLisp code from graspit_interface/PlanGraspsActionFeedback.msg[0m
[ 23%] [34m[1mGenerating EusLisp code from graspit_interface/PlanGraspsGoal.msg[0m
[ 23%] [34m[1mGenerating Lisp code from graspit_interface/PlanGraspsGoal.msg[0m
[ 24%] [34m[1mGenerating Lisp code from graspit_interface/PlanGraspsResult.msg[0m
[ 24%] [34m[1mGenerating Lisp code from graspit_interface/PlanGraspsFeedback.msg[0m
[ 25%] [34m[1mGenerating Javascript code from graspit_interface/SearchSpace.msg[0m
[ 26%] [34m[1mGenerating EusLisp code from graspit_interface/PlanGraspsResult.msg[0m
[ 26%] [34m[1mGenerating Javascript code from graspit_interface/SearchContact.msg[0m
[ 26%] [34m[1mGenerating EusLisp code from graspit_interface/PlanGraspsFeedback.msg[0m
[ 27%] [34m[1mGenerating EusLisp code from graspit_interface/GetRobot.srv[0m
[ 27%] [34m[1mGenerating EusLisp code from graspit_interface/GetGraspableBody.srv[0m
[ 28%] [34m[1mGenerating EusLisp code from graspit_interface/GetBody.srv[0m
[ 29%] [34m[1mGenerating Python from MSG graspit_interface/PlanGraspsActionFeedback[0m
[ 30%] [34m[1mGenerating Javascript code from graspit_interface/Energy.msg[0m
[ 30%] [34m[1mGenerating EusLisp code from graspit_interface/GetBodies.srv[0m
[ 30%] [34m[1mGenerating Lisp code from graspit_interface/GetRobot.srv[0m
[ 31%] [34m[1mGenerating Lisp code from graspit_interface/GetGraspableBody.srv[0m
[ 31%] [34m[1mGenerating Lisp code from graspit_interface/GetBody.srv[0m
[ 32%] [34m[1mGenerating Lisp code from graspit_interface/GetBodies.srv[0m
[ 33%] [34m[1mGenerating C++ code from graspit_interface/Contact.msg[0m
[ 33%] [34m[1mGenerating Javascript code from graspit_interface/Contact.msg[0m
[ 33%] [34m[1mGenerating Lisp code from graspit_interface/GetRobots.srv[0m
[ 34%] [34m[1mGenerating Javascript code from graspit_interface/SimAnnParams.msg[0m
[ 34%] [34m[1mGenerating Python from MSG graspit_interface/PlanGraspsGoal[0m
[ 34%] [34m[1mGenerating C++ code from graspit_interface/SimAnnParams.msg[0m
[ 34%] [34m[1mGenerating C++ code from graspit_interface/PlanGraspsAction.msg[0m
[ 34%] [34m[1mGenerating Javascript code from graspit_interface/PlanGraspsAction.msg[0m
[ 34%] [34m[1mGenerating EusLisp code from graspit_interface/GetRobots.srv[0m
[ 35%] [34m[1mGenerating Lisp code from graspit_interface/GetGraspableBodies.srv[0m
[ 36%] [34m[1mGenerating Lisp code from graspit_interface/SetBodyPose.srv[0m
[ 36%] [34m[1mGenerating Lisp code from graspit_interface/SetRobotPose.srv[0m
[ 36%] [34m[1mGenerating Lisp code from graspit_interface/SetGraspableBodyPose.srv[0m
[ 37%] [34m[1mGenerating EusLisp code from graspit_interface/GetGraspableBodies.srv[0m
[ 37%] [34m[1mGenerating Python from MSG graspit_interface/PlanGraspsResult[0m
[ 38%] [34m[1mGenerating Python from MSG graspit_interface/PlanGraspsFeedback[0m
[ 38%] [34m[1mGenerating Python code from SRV graspit_interface/GetRobot[0m
[ 38%] [34m[1mGenerating Javascript code from graspit_interface/PlanGraspsActionGoal.msg[0m
[ 39%] [34m[1mGenerating Python code from SRV graspit_interface/GetGraspableBody[0m
[ 39%] [34m[1mGenerating EusLisp code from graspit_interface/SetGraspableBodyPose.srv[0m
[ 40%] [34m[1mGenerating EusLisp code from graspit_interface/SetRobotPose.srv[0m
[ 40%] [34m[1mGenerating EusLisp code from graspit_interface/SetBodyPose.srv[0m
[ 40%] [34m[1mGenerating EusLisp code from graspit_interface/GetDynamics.srv[0m
[ 40%] [34m[1mGenerating Lisp code from graspit_interface/GetDynamics.srv[0m
[ 41%] [34m[1mGenerating Lisp code from graspit_interface/SetDynamics.srv[0m
[ 42%] [34m[1mGenerating EusLisp code from graspit_interface/SetDynamics.srv[0m
[ 43%] [34m[1mGenerating Javascript code from graspit_interface/PlanGraspsActionResult.msg[0m
[ 43%] [34m[1mGenerating Javascript code from graspit_interface/PlanGraspsActionFeedback.msg[0m
[ 44%] [34m[1mGenerating Javascript code from graspit_interface/PlanGraspsGoal.msg[0m
[ 45%] [34m[1mGenerating C++ code from graspit_interface/PlanGraspsActionGoal.msg[0m
[ 45%] [34m[1mGenerating Lisp code from graspit_interface/ForceRobotDOF.srv[0m
[ 45%] [34m[1mGenerating Lisp code from graspit_interface/SetRobotDesiredDOF.srv[0m
[ 46%] [34m[1mGenerating Lisp code from graspit_interface/MoveDOFToContacts.srv[0m
[ 46%] [34m[1mGenerating Python code from SRV graspit_interface/GetBody[0m
[ 46%] [34m[1mGenerating EusLisp code from graspit_interface/SetRobotDesiredDOF.srv[0m
[ 46%] [34m[1mGenerating Python code from SRV graspit_interface/GetBodies[0m
[ 47%] [34m[1mGenerating EusLisp code from graspit_interface/ForceRobotDOF.srv[0m
[ 47%] [34m[1mGenerating EusLisp code from graspit_interface/MoveDOFToContacts.srv[0m
[ 47%] [34m[1mGenerating Javascript code from graspit_interface/PlanGraspsResult.msg[0m
[ 48%] [34m[1mGenerating Python code from SRV graspit_interface/GetRobots[0m
[ 48%] [34m[1mGenerating Python code from SRV graspit_interface/GetGraspableBodies[0m
[ 49%] [34m[1mGenerating Python code from SRV graspit_interface/SetGraspableBodyPose[0m
[ 49%] [34m[1mGenerating Javascript code from graspit_interface/PlanGraspsFeedback.msg[0m
[ 50%] [34m[1mGenerating Javascript code from graspit_interface/GetRobot.srv[0m
[ 50%] [34m[1mGenerating Javascript code from graspit_interface/GetGraspableBody.srv[0m
[ 50%] [34m[1mGenerating Lisp code from graspit_interface/AutoGrasp.srv[0m
[ 50%] [34m[1mGenerating EusLisp code from graspit_interface/AutoGrasp.srv[0m
[ 51%] [34m[1mGenerating Javascript code from graspit_interface/GetBody.srv[0m
[ 52%] [34m[1mGenerating EusLisp code from graspit_interface/ImportRobot.srv[0m
[ 52%] [34m[1mGenerating EusLisp code from graspit_interface/ImportObstacle.srv[0m
[ 53%] [34m[1mGenerating EusLisp code from graspit_interface/AutoOpen.srv[0m
[ 53%] [34m[1mGenerating C++ code from graspit_interface/PlanGraspsActionResult.msg[0m
[ 53%] [34m[1mGenerating Javascript code from graspit_interface/GetBodies.srv[0m
[ 54%] [34m[1mGenerating C++ code from graspit_interface/PlanGraspsActionFeedback.msg[0m
[ 54%] [34m[1mGenerating C++ code from graspit_interface/PlanGraspsGoal.msg[0m
[ 54%] [34m[1mGenerating Javascript code from graspit_interface/GetRobots.srv[0m
[ 54%] [34m[1mGenerating Python code from SRV graspit_interface/SetRobotPose[0m
[ 55%] [34m[1mGenerating Lisp code from graspit_interface/AutoOpen.srv[0m
[ 55%] [34m[1mGenerating Python code from SRV graspit_interface/SetBodyPose[0m
[ 56%] [34m[1mGenerating Javascript code from graspit_interface/GetGraspableBodies.srv[0m
[ 56%] [34m[1mGenerating EusLisp code from graspit_interface/ImportGraspableBody.srv[0m
[ 56%] [34m[1mGenerating Javascript code from graspit_interface/SetGraspableBodyPose.srv[0m
[ 57%] [34m[1mGenerating EusLisp code from graspit_interface/LoadWorld.srv[0m
[ 57%] [34m[1mGenerating EusLisp code from graspit_interface/SaveWorld.srv[0m
[ 57%] [34m[1mGenerating Lisp code from graspit_interface/ImportRobot.srv[0m
[ 57%] [34m[1mGenerating EusLisp code from graspit_interface/ClearWorld.srv[0m
[ 58%] [34m[1mGenerating EusLisp code from graspit_interface/SaveImage.srv[0m
[ 58%] [34m[1mGenerating Lisp code from graspit_interface/ImportObstacle.srv[0m
[ 59%] [34m[1mGenerating Python code from SRV graspit_interface/GetDynamics[0m
[ 59%] [34m[1mGenerating Python code from SRV graspit_interface/SetDynamics[0m
[ 60%] [34m[1mGenerating Javascript code from graspit_interface/SetRobotPose.srv[0m
[ 60%] [34m[1mGenerating Javascript code from graspit_interface/SetBodyPose.srv[0m
[ 61%] [34m[1mGenerating Python code from SRV graspit_interface/SetRobotDesiredDOF[0m
[ 61%] [34m[1mGenerating Python code from SRV graspit_interface/ForceRobotDOF[0m
[ 62%] [34m[1mGenerating Python code from SRV graspit_interface/MoveDOFToContacts[0m
[ 63%] [34m[1mGenerating C++ code from graspit_interface/PlanGraspsResult.msg[0m
[ 63%] [34m[1mGenerating C++ code from graspit_interface/PlanGraspsFeedback.msg[0m
[ 63%] [34m[1mGenerating Python code from SRV graspit_interface/AutoGrasp[0m
[ 64%] [34m[1mGenerating Lisp code from graspit_interface/ImportGraspableBody.srv[0m
[ 64%] [34m[1mGenerating C++ code from graspit_interface/GetRobot.srv[0m
[ 64%] [34m[1mGenerating Python code from SRV graspit_interface/AutoOpen[0m
[ 65%] [34m[1mGenerating Python code from SRV graspit_interface/ImportRobot[0m
[ 65%] [34m[1mGenerating Python code from SRV graspit_interface/ImportObstacle[0m
[ 66%] [34m[1mGenerating Javascript code from graspit_interface/GetDynamics.srv[0m
[ 66%] [34m[1mGenerating EusLisp code from graspit_interface/ToggleAllCollisions.srv[0m
[ 67%] [34m[1mGenerating C++ code from graspit_interface/GetGraspableBody.srv[0m
[ 68%] [34m[1mGenerating Python code from SRV graspit_interface/ImportGraspableBody[0m
[ 68%] [34m[1mGenerating Lisp code from graspit_interface/LoadWorld.srv[0m
[ 69%] [34m[1mGenerating Lisp code from graspit_interface/SaveWorld.srv[0m
[ 69%] [34m[1mGenerating Javascript code from graspit_interface/SetDynamics.srv[0m
[ 70%] [34m[1mGenerating EusLisp code from graspit_interface/ComputeQuality.srv[0m
[ 70%] [34m[1mGenerating C++ code from graspit_interface/GetBody.srv[0m
[ 71%] [34m[1mGenerating Lisp code from graspit_interface/SaveImage.srv[0m
[ 71%] [34m[1mGenerating Lisp code from graspit_interface/ClearWorld.srv[0m
[ 71%] [34m[1mGenerating EusLisp code from graspit_interface/ComputeEnergy.srv[0m
[ 71%] [34m[1mGenerating Python code from SRV graspit_interface/LoadWorld[0m
[ 71%] [34m[1mGenerating Javascript code from graspit_interface/SetRobotDesiredDOF.srv[0m
[ 72%] [34m[1mGenerating Javascript code from graspit_interface/ForceRobotDOF.srv[0m
[ 72%] [34m[1mGenerating Javascript code from graspit_interface/MoveDOFToContacts.srv[0m
[ 72%] [34m[1mGenerating Lisp code from graspit_interface/ToggleAllCollisions.srv[0m
[ 73%] [34m[1mGenerating Javascript code from graspit_interface/AutoGrasp.srv[0m
[ 73%] [34m[1mGenerating Python code from SRV graspit_interface/SaveWorld[0m
[ 74%] [34m[1mGenerating Python code from SRV graspit_interface/ClearWorld[0m
[ 74%] [34m[1mGenerating Lisp code from graspit_interface/ComputeQuality.srv[0m
[ 74%] [34m[1mGenerating Python code from SRV graspit_interface/SaveImage[0m
[ 75%] [34m[1mGenerating Lisp code from graspit_interface/ComputeEnergy.srv[0m
[ 76%] [34m[1mGenerating Python code from SRV graspit_interface/ToggleAllCollisions[0m
[ 76%] [34m[1mGenerating Python code from SRV graspit_interface/ComputeQuality[0m
[ 76%] [34m[1mGenerating Python code from SRV graspit_interface/ComputeEnergy[0m
[ 76%] [34m[1mGenerating EusLisp code from graspit_interface/ApproachToContact.srv[0m
[ 76%] [34m[1mGenerating Lisp code from graspit_interface/ApproachToContact.srv[0m
[ 77%] [34m[1mGenerating EusLisp code from graspit_interface/FindInitialContact.srv[0m
[ 77%] [34m[1mGenerating EusLisp code from graspit_interface/DynamicAutoGraspComplete.srv[0m
[ 78%] [34m[1mGenerating C++ code from graspit_interface/GetBodies.srv[0m
[ 78%] [34m[1mGenerating Javascript code from graspit_interface/AutoOpen.srv[0m
[ 79%] [34m[1mGenerating Lisp code from graspit_interface/FindInitialContact.srv[0m
[ 79%] [34m[1mGenerating Javascript code from graspit_interface/ImportRobot.srv[0m
[ 80%] [34m[1mGenerating Javascript code from graspit_interface/ImportObstacle.srv[0m
[ 80%] [34m[1mGenerating Javascript code from graspit_interface/ImportGraspableBody.srv[0m
[ 80%] [34m[1mGenerating Lisp code from graspit_interface/DynamicAutoGraspComplete.srv[0m
[ 81%] [34m[1mGenerating EusLisp manifest code for graspit_interface[0m
[ 82%] [34m[1mGenerating Javascript code from graspit_interface/LoadWorld.srv[0m
[ 83%] [34m[1mGenerating Python code from SRV graspit_interface/ApproachToContact[0m
[ 83%] [34m[1mGenerating Python code from SRV graspit_interface/FindInitialContact[0m
[ 83%] [34m[1mGenerating C++ code from graspit_interface/GetRobots.srv[0m
[ 83%] [34m[1mGenerating C++ code from graspit_interface/GetGraspableBodies.srv[0m
[ 84%] [34m[1mGenerating Python code from SRV graspit_interface/DynamicAutoGraspComplete[0m
[ 84%] [34m[1mGenerating Javascript code from graspit_interface/SaveWorld.srv[0m
[ 85%] [34m[1mGenerating C++ code from graspit_interface/SetGraspableBodyPose.srv[0m
[ 85%] Built target graspit_interface_generate_messages_lisp
[ 85%] [34m[1mGenerating C++ code from graspit_interface/SetRobotPose.srv[0m
[ 86%] [34m[1mGenerating C++ code from graspit_interface/SetBodyPose.srv[0m
[ 86%] [34m[1mGenerating Javascript code from graspit_interface/ClearWorld.srv[0m
[ 86%] [34m[1mGenerating C++ code from graspit_interface/GetDynamics.srv[0m
[ 87%] [34m[1mGenerating Javascript code from graspit_interface/SaveImage.srv[0m
[ 87%] [34m[1mGenerating Javascript code from graspit_interface/ToggleAllCollisions.srv[0m
[ 88%] [34m[1mGenerating Javascript code from graspit_interface/ComputeQuality.srv[0m
[ 88%] [34m[1mGenerating Javascript code from graspit_interface/ComputeEnergy.srv[0m
[ 88%] [34m[1mGenerating C++ code from graspit_interface/SetDynamics.srv[0m
[ 89%] [34m[1mGenerating Javascript code from graspit_interface/ApproachToContact.srv[0m
[ 89%] [34m[1mGenerating Javascript code from graspit_interface/FindInitialContact.srv[0m
[ 89%] [34m[1mGenerating Javascript code from graspit_interface/DynamicAutoGraspComplete.srv[0m
[ 90%] [34m[1mGenerating C++ code from graspit_interface/SetRobotDesiredDOF.srv[0m
[ 90%] [34m[1mGenerating C++ code from graspit_interface/ForceRobotDOF.srv[0m
[ 91%] [34m[1mGenerating C++ code from graspit_interface/MoveDOFToContacts.srv[0m
[ 91%] [34m[1mGenerating C++ code from graspit_interface/AutoGrasp.srv[0m
[ 92%] [34m[1mGenerating C++ code from graspit_interface/AutoOpen.srv[0m
[ 92%] [34m[1mGenerating C++ code from graspit_interface/ImportRobot.srv[0m
[ 92%] [34m[1mGenerating C++ code from graspit_interface/ImportObstacle.srv[0m
[ 93%] [34m[1mGenerating C++ code from graspit_interface/ImportGraspableBody.srv[0m
[ 93%] Built target graspit_interface_generate_messages_nodejs
[ 94%] [34m[1mGenerating Python msg __init__.py for graspit_interface[0m
[ 94%] [34m[1mGenerating Python srv __init__.py for graspit_interface[0m
[ 95%] [34m[1mGenerating C++ code from graspit_interface/SaveWorld.srv[0m
[ 95%] [34m[1mGenerating C++ code from graspit_interface/ClearWorld.srv[0m
[ 95%] [34m[1mGenerating C++ code from graspit_interface/LoadWorld.srv[0m
[ 95%] [34m[1mGenerating C++ code from graspit_interface/SaveImage.srv[0m
[ 96%] [34m[1mGenerating C++ code from graspit_interface/ToggleAllCollisions.srv[0m
[ 96%] [34m[1mGenerating C++ code from graspit_interface/ComputeQuality.srv[0m
[ 97%] [34m[1mGenerating C++ code from graspit_interface/ComputeEnergy.srv[0m
[ 97%] [34m[1mGenerating C++ code from graspit_interface/ApproachToContact.srv[0m
[ 97%] [34m[1mGenerating C++ code from graspit_interface/FindInitialContact.srv[0m
[ 98%] [34m[1mGenerating C++ code from graspit_interface/DynamicAutoGraspComplete.srv[0m
[ 98%] Built target graspit_interface_generate_messages_py
[ 98%] Built target graspit_interface_generate_messages_eus
[ 98%] Built target graspit_interface_generate_messages_cpp
[35m[1mScanning dependencies of target graspit_interface_gencpp[0m
[35m[1mScanning dependencies of target graspit_interface_generate_messages[0m
[ 98%] Built target graspit_interface_gencpp
[ 98%] Built target graspit_interface_generate_messages
[ 98%] [34m[1mGenerating include/moc_graspit_interface.cpp[0m
[35m[1mScanning dependencies of target graspit_interface[0m
[ 99%] [32mBuilding CXX object CMakeFiles/graspit_interface.dir/src/graspit_interface.cpp.o[0m
[ 99%] [32mBuilding CXX object CMakeFiles/graspit_interface.dir/src/main.cpp.o[0m
[ 99%] [32mBuilding CXX object CMakeFiles/graspit_interface.dir/include/moc_graspit_interface.cpp.o[0m
[100%] [32m[1mLinking CXX shared library /home/noelia/manipulacion_ws/devel/.private/graspit_interface/lib/libgraspit_interface.so[0m
[100%] Built target graspit_interface
