Symlinking /home/noelia/manipulacion_ws/devel/share/gennodejs/ros/graspit_interface/_index.js
Symlinking /home/noelia/manipulacion_ws/devel/share/gennodejs/ros/graspit_interface/srv/GetGraspableBody.js
Symlinking /home/noelia/manipulacion_ws/devel/share/gennodejs/ros/graspit_interface/srv/SaveImage.js
Symlinking /home/noelia/manipulacion_ws/devel/share/gennodejs/ros/graspit_interface/srv/SaveWorld.js
Symlinking /home/noelia/manipulacion_ws/devel/share/gennodejs/ros/graspit_interface/srv/DynamicAutoGraspComplete.js
Symlinking /home/noelia/manipulacion_ws/devel/share/gennodejs/ros/graspit_interface/srv/ComputeEnergy.js
Symlinking /home/noelia/manipulacion_ws/devel/share/gennodejs/ros/graspit_interface/srv/GetRobot.js
Symlinking /home/noelia/manipulacion_ws/devel/share/gennodejs/ros/graspit_interface/srv/FindInitialContact.js
Symlinking /home/noelia/manipulacion_ws/devel/share/gennodejs/ros/graspit_interface/srv/_index.js
Symlinking /home/noelia/manipulacion_ws/devel/share/gennodejs/ros/graspit_interface/srv/ImportObstacle.js
Symlinking /home/noelia/manipulacion_ws/devel/share/gennodejs/ros/graspit_interface/srv/ComputeQuality.js
Symlinking /home/noelia/manipulacion_ws/devel/share/gennodejs/ros/graspit_interface/srv/SetBodyPose.js
Symlinking /home/noelia/manipulacion_ws/devel/share/gennodejs/ros/graspit_interface/srv/ApproachToContact.js
Symlinking /home/noelia/manipulacion_ws/devel/share/gennodejs/ros/graspit_interface/srv/AutoOpen.js
Symlinking /home/noelia/manipulacion_ws/devel/share/gennodejs/ros/graspit_interface/srv/GetDynamics.js
Symlinking /home/noelia/manipulacion_ws/devel/share/gennodejs/ros/graspit_interface/srv/GetRobots.js
Symlinking /home/noelia/manipulacion_ws/devel/share/gennodejs/ros/graspit_interface/srv/ClearWorld.js
Symlinking /home/noelia/manipulacion_ws/devel/share/gennodejs/ros/graspit_interface/srv/ImportGraspableBody.js
Symlinking /home/noelia/manipulacion_ws/devel/share/gennodejs/ros/graspit_interface/srv/GetGraspableBodies.js
Symlinking /home/noelia/manipulacion_ws/devel/share/gennodejs/ros/graspit_interface/srv/SetGraspableBodyPose.js
Symlinking /home/noelia/manipulacion_ws/devel/share/gennodejs/ros/graspit_interface/srv/GetBody.js
Symlinking /home/noelia/manipulacion_ws/devel/share/gennodejs/ros/graspit_interface/srv/ImportRobot.js
Symlinking /home/noelia/manipulacion_ws/devel/share/gennodejs/ros/graspit_interface/srv/SetRobotDesiredDOF.js
Symlinking /home/noelia/manipulacion_ws/devel/share/gennodejs/ros/graspit_interface/srv/SetDynamics.js
Symlinking /home/noelia/manipulacion_ws/devel/share/gennodejs/ros/graspit_interface/srv/SetRobotPose.js
Symlinking /home/noelia/manipulacion_ws/devel/share/gennodejs/ros/graspit_interface/srv/MoveDOFToContacts.js
Symlinking /home/noelia/manipulacion_ws/devel/share/gennodejs/ros/graspit_interface/srv/LoadWorld.js
Symlinking /home/noelia/manipulacion_ws/devel/share/gennodejs/ros/graspit_interface/srv/AutoGrasp.js
Symlinking /home/noelia/manipulacion_ws/devel/share/gennodejs/ros/graspit_interface/srv/ToggleAllCollisions.js
Symlinking /home/noelia/manipulacion_ws/devel/share/gennodejs/ros/graspit_interface/srv/GetBodies.js
Symlinking /home/noelia/manipulacion_ws/devel/share/gennodejs/ros/graspit_interface/srv/ForceRobotDOF.js
Symlinking /home/noelia/manipulacion_ws/devel/share/gennodejs/ros/graspit_interface/msg/PlanGraspsGoal.js
Symlinking /home/noelia/manipulacion_ws/devel/share/gennodejs/ros/graspit_interface/msg/Grasp.js
Symlinking /home/noelia/manipulacion_ws/devel/share/gennodejs/ros/graspit_interface/msg/_index.js
Symlinking /home/noelia/manipulacion_ws/devel/share/gennodejs/ros/graspit_interface/msg/PlanGraspsActionGoal.js
Symlinking /home/noelia/manipulacion_ws/devel/share/gennodejs/ros/graspit_interface/msg/GraspableBody.js
Symlinking /home/noelia/manipulacion_ws/devel/share/gennodejs/ros/graspit_interface/msg/Energy.js
Symlinking /home/noelia/manipulacion_ws/devel/share/gennodejs/ros/graspit_interface/msg/SearchContact.js
Symlinking /home/noelia/manipulacion_ws/devel/share/gennodejs/ros/graspit_interface/msg/Contact.js
Symlinking /home/noelia/manipulacion_ws/devel/share/gennodejs/ros/graspit_interface/msg/TactileSensorData.js
Symlinking /home/noelia/manipulacion_ws/devel/share/gennodejs/ros/graspit_interface/msg/PlanGraspsFeedback.js
Symlinking /home/noelia/manipulacion_ws/devel/share/gennodejs/ros/graspit_interface/msg/Robot.js
Symlinking /home/noelia/manipulacion_ws/devel/share/gennodejs/ros/graspit_interface/msg/PlanGraspsActionResult.js
Symlinking /home/noelia/manipulacion_ws/devel/share/gennodejs/ros/graspit_interface/msg/SearchSpace.js
Symlinking /home/noelia/manipulacion_ws/devel/share/gennodejs/ros/graspit_interface/msg/SimAnnParams.js
Symlinking /home/noelia/manipulacion_ws/devel/share/gennodejs/ros/graspit_interface/msg/PlanGraspsActionFeedback.js
Symlinking /home/noelia/manipulacion_ws/devel/share/gennodejs/ros/graspit_interface/msg/Planner.js
Symlinking /home/noelia/manipulacion_ws/devel/share/gennodejs/ros/graspit_interface/msg/PlanGraspsResult.js
Symlinking /home/noelia/manipulacion_ws/devel/share/gennodejs/ros/graspit_interface/msg/Body.js
Symlinking /home/noelia/manipulacion_ws/devel/share/gennodejs/ros/graspit_interface/msg/PlanGraspsAction.js
Symlinking /home/noelia/manipulacion_ws/devel/share/roseus/ros/graspit_interface/manifest.l
Symlinking /home/noelia/manipulacion_ws/devel/share/roseus/ros/graspit_interface/srv/ImportObstacle.l
Symlinking /home/noelia/manipulacion_ws/devel/share/roseus/ros/graspit_interface/srv/SetRobotDesiredDOF.l
Symlinking /home/noelia/manipulacion_ws/devel/share/roseus/ros/graspit_interface/srv/SaveImage.l
Symlinking /home/noelia/manipulacion_ws/devel/share/roseus/ros/graspit_interface/srv/ComputeQuality.l
Symlinking /home/noelia/manipulacion_ws/devel/share/roseus/ros/graspit_interface/srv/MoveDOFToContacts.l
Symlinking /home/noelia/manipulacion_ws/devel/share/roseus/ros/graspit_interface/srv/GetDynamics.l
Symlinking /home/noelia/manipulacion_ws/devel/share/roseus/ros/graspit_interface/srv/ToggleAllCollisions.l
Symlinking /home/noelia/manipulacion_ws/devel/share/roseus/ros/graspit_interface/srv/SetBodyPose.l
Symlinking /home/noelia/manipulacion_ws/devel/share/roseus/ros/graspit_interface/srv/DynamicAutoGraspComplete.l
Symlinking /home/noelia/manipulacion_ws/devel/share/roseus/ros/graspit_interface/srv/ClearWorld.l
Symlinking /home/noelia/manipulacion_ws/devel/share/roseus/ros/graspit_interface/srv/ForceRobotDOF.l
Symlinking /home/noelia/manipulacion_ws/devel/share/roseus/ros/graspit_interface/srv/GetRobot.l
Symlinking /home/noelia/manipulacion_ws/devel/share/roseus/ros/graspit_interface/srv/GetGraspableBodies.l
Symlinking /home/noelia/manipulacion_ws/devel/share/roseus/ros/graspit_interface/srv/SetRobotPose.l
Symlinking /home/noelia/manipulacion_ws/devel/share/roseus/ros/graspit_interface/srv/LoadWorld.l
Symlinking /home/noelia/manipulacion_ws/devel/share/roseus/ros/graspit_interface/srv/ApproachToContact.l
Symlinking /home/noelia/manipulacion_ws/devel/share/roseus/ros/graspit_interface/srv/AutoOpen.l
Symlinking /home/noelia/manipulacion_ws/devel/share/roseus/ros/graspit_interface/srv/GetBody.l
Symlinking /home/noelia/manipulacion_ws/devel/share/roseus/ros/graspit_interface/srv/FindInitialContact.l
Symlinking /home/noelia/manipulacion_ws/devel/share/roseus/ros/graspit_interface/srv/GetGraspableBody.l
Symlinking /home/noelia/manipulacion_ws/devel/share/roseus/ros/graspit_interface/srv/ImportGraspableBody.l
Symlinking /home/noelia/manipulacion_ws/devel/share/roseus/ros/graspit_interface/srv/SaveWorld.l
Symlinking /home/noelia/manipulacion_ws/devel/share/roseus/ros/graspit_interface/srv/GetRobots.l
Symlinking /home/noelia/manipulacion_ws/devel/share/roseus/ros/graspit_interface/srv/ComputeEnergy.l
Symlinking /home/noelia/manipulacion_ws/devel/share/roseus/ros/graspit_interface/srv/ImportRobot.l
Symlinking /home/noelia/manipulacion_ws/devel/share/roseus/ros/graspit_interface/srv/GetBodies.l
Symlinking /home/noelia/manipulacion_ws/devel/share/roseus/ros/graspit_interface/srv/SetGraspableBodyPose.l
Symlinking /home/noelia/manipulacion_ws/devel/share/roseus/ros/graspit_interface/srv/SetDynamics.l
Symlinking /home/noelia/manipulacion_ws/devel/share/roseus/ros/graspit_interface/srv/AutoGrasp.l
Symlinking /home/noelia/manipulacion_ws/devel/share/roseus/ros/graspit_interface/msg/GraspableBody.l
Symlinking /home/noelia/manipulacion_ws/devel/share/roseus/ros/graspit_interface/msg/SimAnnParams.l
Symlinking /home/noelia/manipulacion_ws/devel/share/roseus/ros/graspit_interface/msg/Body.l
Symlinking /home/noelia/manipulacion_ws/devel/share/roseus/ros/graspit_interface/msg/PlanGraspsActionResult.l
Symlinking /home/noelia/manipulacion_ws/devel/share/roseus/ros/graspit_interface/msg/PlanGraspsAction.l
Symlinking /home/noelia/manipulacion_ws/devel/share/roseus/ros/graspit_interface/msg/TactileSensorData.l
Symlinking /home/noelia/manipulacion_ws/devel/share/roseus/ros/graspit_interface/msg/PlanGraspsResult.l
Symlinking /home/noelia/manipulacion_ws/devel/share/roseus/ros/graspit_interface/msg/SearchSpace.l
Symlinking /home/noelia/manipulacion_ws/devel/share/roseus/ros/graspit_interface/msg/Planner.l
Symlinking /home/noelia/manipulacion_ws/devel/share/roseus/ros/graspit_interface/msg/PlanGraspsActionGoal.l
Symlinking /home/noelia/manipulacion_ws/devel/share/roseus/ros/graspit_interface/msg/Robot.l
Symlinking /home/noelia/manipulacion_ws/devel/share/roseus/ros/graspit_interface/msg/PlanGraspsGoal.l
Symlinking /home/noelia/manipulacion_ws/devel/share/roseus/ros/graspit_interface/msg/Contact.l
Symlinking /home/noelia/manipulacion_ws/devel/share/roseus/ros/graspit_interface/msg/Grasp.l
Symlinking /home/noelia/manipulacion_ws/devel/share/roseus/ros/graspit_interface/msg/PlanGraspsFeedback.l
Symlinking /home/noelia/manipulacion_ws/devel/share/roseus/ros/graspit_interface/msg/Energy.l
Symlinking /home/noelia/manipulacion_ws/devel/share/roseus/ros/graspit_interface/msg/PlanGraspsActionFeedback.l
Symlinking /home/noelia/manipulacion_ws/devel/share/roseus/ros/graspit_interface/msg/SearchContact.l
Symlinking /home/noelia/manipulacion_ws/devel/share/graspit_interface/msg/PlanGraspsActionFeedback.msg
Symlinking /home/noelia/manipulacion_ws/devel/share/graspit_interface/msg/PlanGraspsActionGoal.msg
Symlinking /home/noelia/manipulacion_ws/devel/share/graspit_interface/msg/PlanGraspsResult.msg
Symlinking /home/noelia/manipulacion_ws/devel/share/graspit_interface/msg/PlanGraspsActionResult.msg
Symlinking /home/noelia/manipulacion_ws/devel/share/graspit_interface/msg/PlanGraspsAction.msg
Symlinking /home/noelia/manipulacion_ws/devel/share/graspit_interface/msg/PlanGraspsFeedback.msg
Symlinking /home/noelia/manipulacion_ws/devel/share/graspit_interface/msg/PlanGraspsGoal.msg
Symlinking /home/noelia/manipulacion_ws/devel/share/graspit_interface/cmake/graspit_interface-msg-paths.cmake
Symlinking /home/noelia/manipulacion_ws/devel/share/graspit_interface/cmake/graspit_interfaceConfig-version.cmake
Symlinking /home/noelia/manipulacion_ws/devel/share/graspit_interface/cmake/graspit_interfaceConfig.cmake
Symlinking /home/noelia/manipulacion_ws/devel/share/graspit_interface/cmake/graspit_interface-msg-extras.cmake
Symlinking /home/noelia/manipulacion_ws/devel/share/common-lisp/ros/graspit_interface/srv/ComputeEnergy.lisp
Symlinking /home/noelia/manipulacion_ws/devel/share/common-lisp/ros/graspit_interface/srv/_package_GetRobot.lisp
Symlinking /home/noelia/manipulacion_ws/devel/share/common-lisp/ros/graspit_interface/srv/_package_SaveWorld.lisp
Symlinking /home/noelia/manipulacion_ws/devel/share/common-lisp/ros/graspit_interface/srv/_package_ComputeQuality.lisp
Symlinking /home/noelia/manipulacion_ws/devel/share/common-lisp/ros/graspit_interface/srv/GetGraspableBody.lisp
Symlinking /home/noelia/manipulacion_ws/devel/share/common-lisp/ros/graspit_interface/srv/_package_GetBodies.lisp
Symlinking /home/noelia/manipulacion_ws/devel/share/common-lisp/ros/graspit_interface/srv/_package_GetGraspableBody.lisp
Symlinking /home/noelia/manipulacion_ws/devel/share/common-lisp/ros/graspit_interface/srv/graspit_interface-srv.asd
Symlinking /home/noelia/manipulacion_ws/devel/share/common-lisp/ros/graspit_interface/srv/SetRobotPose.lisp
Symlinking /home/noelia/manipulacion_ws/devel/share/common-lisp/ros/graspit_interface/srv/_package_ClearWorld.lisp
Symlinking /home/noelia/manipulacion_ws/devel/share/common-lisp/ros/graspit_interface/srv/ImportGraspableBody.lisp
Symlinking /home/noelia/manipulacion_ws/devel/share/common-lisp/ros/graspit_interface/srv/_package_FindInitialContact.lisp
Symlinking /home/noelia/manipulacion_ws/devel/share/common-lisp/ros/graspit_interface/srv/ClearWorld.lisp
Symlinking /home/noelia/manipulacion_ws/devel/share/common-lisp/ros/graspit_interface/srv/_package_SetDynamics.lisp
Symlinking /home/noelia/manipulacion_ws/devel/share/common-lisp/ros/graspit_interface/srv/DynamicAutoGraspComplete.lisp
Symlinking /home/noelia/manipulacion_ws/devel/share/common-lisp/ros/graspit_interface/srv/MoveDOFToContacts.lisp
Symlinking /home/noelia/manipulacion_ws/devel/share/common-lisp/ros/graspit_interface/srv/AutoOpen.lisp
Symlinking /home/noelia/manipulacion_ws/devel/share/common-lisp/ros/graspit_interface/srv/GetRobot.lisp
Symlinking /home/noelia/manipulacion_ws/devel/share/common-lisp/ros/graspit_interface/srv/SetRobotDesiredDOF.lisp
Symlinking /home/noelia/manipulacion_ws/devel/share/common-lisp/ros/graspit_interface/srv/_package_MoveDOFToContacts.lisp
Symlinking /home/noelia/manipulacion_ws/devel/share/common-lisp/ros/graspit_interface/srv/ToggleAllCollisions.lisp
Symlinking /home/noelia/manipulacion_ws/devel/share/common-lisp/ros/graspit_interface/srv/ImportRobot.lisp
Symlinking /home/noelia/manipulacion_ws/devel/share/common-lisp/ros/graspit_interface/srv/_package_ImportObstacle.lisp
Symlinking /home/noelia/manipulacion_ws/devel/share/common-lisp/ros/graspit_interface/srv/_package_ImportGraspableBody.lisp
Symlinking /home/noelia/manipulacion_ws/devel/share/common-lisp/ros/graspit_interface/srv/FindInitialContact.lisp
Symlinking /home/noelia/manipulacion_ws/devel/share/common-lisp/ros/graspit_interface/srv/LoadWorld.lisp
Symlinking /home/noelia/manipulacion_ws/devel/share/common-lisp/ros/graspit_interface/srv/_package_ForceRobotDOF.lisp
Symlinking /home/noelia/manipulacion_ws/devel/share/common-lisp/ros/graspit_interface/srv/SetGraspableBodyPose.lisp
Symlinking /home/noelia/manipulacion_ws/devel/share/common-lisp/ros/graspit_interface/srv/_package_GetGraspableBodies.lisp
Symlinking /home/noelia/manipulacion_ws/devel/share/common-lisp/ros/graspit_interface/srv/AutoGrasp.lisp
Symlinking /home/noelia/manipulacion_ws/devel/share/common-lisp/ros/graspit_interface/srv/GetBodies.lisp
Symlinking /home/noelia/manipulacion_ws/devel/share/common-lisp/ros/graspit_interface/srv/_package_SetGraspableBodyPose.lisp
Symlinking /home/noelia/manipulacion_ws/devel/share/common-lisp/ros/graspit_interface/srv/_package_GetBody.lisp
Symlinking /home/noelia/manipulacion_ws/devel/share/common-lisp/ros/graspit_interface/srv/_package_LoadWorld.lisp
Symlinking /home/noelia/manipulacion_ws/devel/share/common-lisp/ros/graspit_interface/srv/ImportObstacle.lisp
Symlinking /home/noelia/manipulacion_ws/devel/share/common-lisp/ros/graspit_interface/srv/_package_SaveImage.lisp
Symlinking /home/noelia/manipulacion_ws/devel/share/common-lisp/ros/graspit_interface/srv/_package_SetBodyPose.lisp
Symlinking /home/noelia/manipulacion_ws/devel/share/common-lisp/ros/graspit_interface/srv/ComputeQuality.lisp
Symlinking /home/noelia/manipulacion_ws/devel/share/common-lisp/ros/graspit_interface/srv/GetDynamics.lisp
Symlinking /home/noelia/manipulacion_ws/devel/share/common-lisp/ros/graspit_interface/srv/_package_ImportRobot.lisp
Symlinking /home/noelia/manipulacion_ws/devel/share/common-lisp/ros/graspit_interface/srv/SaveWorld.lisp
Symlinking /home/noelia/manipulacion_ws/devel/share/common-lisp/ros/graspit_interface/srv/SetDynamics.lisp
Symlinking /home/noelia/manipulacion_ws/devel/share/common-lisp/ros/graspit_interface/srv/_package_ApproachToContact.lisp
Symlinking /home/noelia/manipulacion_ws/devel/share/common-lisp/ros/graspit_interface/srv/_package_GetRobots.lisp
Symlinking /home/noelia/manipulacion_ws/devel/share/common-lisp/ros/graspit_interface/srv/_package_SetRobotPose.lisp
Symlinking /home/noelia/manipulacion_ws/devel/share/common-lisp/ros/graspit_interface/srv/SetBodyPose.lisp
Symlinking /home/noelia/manipulacion_ws/devel/share/common-lisp/ros/graspit_interface/srv/GetBody.lisp
Symlinking /home/noelia/manipulacion_ws/devel/share/common-lisp/ros/graspit_interface/srv/_package_AutoOpen.lisp
Symlinking /home/noelia/manipulacion_ws/devel/share/common-lisp/ros/graspit_interface/srv/_package_AutoGrasp.lisp
Symlinking /home/noelia/manipulacion_ws/devel/share/common-lisp/ros/graspit_interface/srv/_package_DynamicAutoGraspComplete.lisp
Symlinking /home/noelia/manipulacion_ws/devel/share/common-lisp/ros/graspit_interface/srv/_package_ToggleAllCollisions.lisp
Symlinking /home/noelia/manipulacion_ws/devel/share/common-lisp/ros/graspit_interface/srv/ApproachToContact.lisp
Symlinking /home/noelia/manipulacion_ws/devel/share/common-lisp/ros/graspit_interface/srv/_package.lisp
Symlinking /home/noelia/manipulacion_ws/devel/share/common-lisp/ros/graspit_interface/srv/_package_GetDynamics.lisp
Symlinking /home/noelia/manipulacion_ws/devel/share/common-lisp/ros/graspit_interface/srv/SaveImage.lisp
Symlinking /home/noelia/manipulacion_ws/devel/share/common-lisp/ros/graspit_interface/srv/GetGraspableBodies.lisp
Symlinking /home/noelia/manipulacion_ws/devel/share/common-lisp/ros/graspit_interface/srv/ForceRobotDOF.lisp
Symlinking /home/noelia/manipulacion_ws/devel/share/common-lisp/ros/graspit_interface/srv/GetRobots.lisp
Symlinking /home/noelia/manipulacion_ws/devel/share/common-lisp/ros/graspit_interface/srv/_package_ComputeEnergy.lisp
Symlinking /home/noelia/manipulacion_ws/devel/share/common-lisp/ros/graspit_interface/srv/_package_SetRobotDesiredDOF.lisp
Symlinking /home/noelia/manipulacion_ws/devel/share/common-lisp/ros/graspit_interface/msg/_package_Planner.lisp
Symlinking /home/noelia/manipulacion_ws/devel/share/common-lisp/ros/graspit_interface/msg/_package_SearchContact.lisp
Symlinking /home/noelia/manipulacion_ws/devel/share/common-lisp/ros/graspit_interface/msg/_package_Robot.lisp
Symlinking /home/noelia/manipulacion_ws/devel/share/common-lisp/ros/graspit_interface/msg/TactileSensorData.lisp
Symlinking /home/noelia/manipulacion_ws/devel/share/common-lisp/ros/graspit_interface/msg/_package_GraspableBody.lisp
Symlinking /home/noelia/manipulacion_ws/devel/share/common-lisp/ros/graspit_interface/msg/PlanGraspsFeedback.lisp
Symlinking /home/noelia/manipulacion_ws/devel/share/common-lisp/ros/graspit_interface/msg/graspit_interface-msg.asd
Symlinking /home/noelia/manipulacion_ws/devel/share/common-lisp/ros/graspit_interface/msg/_package_PlanGraspsGoal.lisp
Symlinking /home/noelia/manipulacion_ws/devel/share/common-lisp/ros/graspit_interface/msg/SearchContact.lisp
Symlinking /home/noelia/manipulacion_ws/devel/share/common-lisp/ros/graspit_interface/msg/_package_PlanGraspsActionResult.lisp
Symlinking /home/noelia/manipulacion_ws/devel/share/common-lisp/ros/graspit_interface/msg/_package_PlanGraspsActionFeedback.lisp
Symlinking /home/noelia/manipulacion_ws/devel/share/common-lisp/ros/graspit_interface/msg/_package_Contact.lisp
Symlinking /home/noelia/manipulacion_ws/devel/share/common-lisp/ros/graspit_interface/msg/Grasp.lisp
Symlinking /home/noelia/manipulacion_ws/devel/share/common-lisp/ros/graspit_interface/msg/Robot.lisp
Symlinking /home/noelia/manipulacion_ws/devel/share/common-lisp/ros/graspit_interface/msg/SimAnnParams.lisp
Symlinking /home/noelia/manipulacion_ws/devel/share/common-lisp/ros/graspit_interface/msg/PlanGraspsGoal.lisp
Symlinking /home/noelia/manipulacion_ws/devel/share/common-lisp/ros/graspit_interface/msg/Energy.lisp
Symlinking /home/noelia/manipulacion_ws/devel/share/common-lisp/ros/graspit_interface/msg/Planner.lisp
Symlinking /home/noelia/manipulacion_ws/devel/share/common-lisp/ros/graspit_interface/msg/_package_SearchSpace.lisp
Symlinking /home/noelia/manipulacion_ws/devel/share/common-lisp/ros/graspit_interface/msg/Body.lisp
Symlinking /home/noelia/manipulacion_ws/devel/share/common-lisp/ros/graspit_interface/msg/PlanGraspsResult.lisp
Symlinking /home/noelia/manipulacion_ws/devel/share/common-lisp/ros/graspit_interface/msg/Contact.lisp
Symlinking /home/noelia/manipulacion_ws/devel/share/common-lisp/ros/graspit_interface/msg/_package_PlanGraspsActionGoal.lisp
Symlinking /home/noelia/manipulacion_ws/devel/share/common-lisp/ros/graspit_interface/msg/_package_SimAnnParams.lisp
Symlinking /home/noelia/manipulacion_ws/devel/share/common-lisp/ros/graspit_interface/msg/PlanGraspsActionFeedback.lisp
Symlinking /home/noelia/manipulacion_ws/devel/share/common-lisp/ros/graspit_interface/msg/GraspableBody.lisp
Symlinking /home/noelia/manipulacion_ws/devel/share/common-lisp/ros/graspit_interface/msg/PlanGraspsAction.lisp
Symlinking /home/noelia/manipulacion_ws/devel/share/common-lisp/ros/graspit_interface/msg/SearchSpace.lisp
Symlinking /home/noelia/manipulacion_ws/devel/share/common-lisp/ros/graspit_interface/msg/_package_Body.lisp
Symlinking /home/noelia/manipulacion_ws/devel/share/common-lisp/ros/graspit_interface/msg/PlanGraspsActionGoal.lisp
Symlinking /home/noelia/manipulacion_ws/devel/share/common-lisp/ros/graspit_interface/msg/_package_PlanGraspsResult.lisp
Symlinking /home/noelia/manipulacion_ws/devel/share/common-lisp/ros/graspit_interface/msg/_package_PlanGraspsAction.lisp
Symlinking /home/noelia/manipulacion_ws/devel/share/common-lisp/ros/graspit_interface/msg/_package.lisp
Symlinking /home/noelia/manipulacion_ws/devel/share/common-lisp/ros/graspit_interface/msg/_package_PlanGraspsFeedback.lisp
Symlinking /home/noelia/manipulacion_ws/devel/share/common-lisp/ros/graspit_interface/msg/PlanGraspsActionResult.lisp
Symlinking /home/noelia/manipulacion_ws/devel/share/common-lisp/ros/graspit_interface/msg/_package_Grasp.lisp
Symlinking /home/noelia/manipulacion_ws/devel/share/common-lisp/ros/graspit_interface/msg/_package_TactileSensorData.lisp
Symlinking /home/noelia/manipulacion_ws/devel/share/common-lisp/ros/graspit_interface/msg/_package_Energy.lisp
Symlinking /home/noelia/manipulacion_ws/devel/lib/libgraspit_interface.so
Symlinking /home/noelia/manipulacion_ws/devel/lib/python3/dist-packages/graspit_interface/__init__.py
Symlinking /home/noelia/manipulacion_ws/devel/lib/python3/dist-packages/graspit_interface/srv/_FindInitialContact.py
Symlinking /home/noelia/manipulacion_ws/devel/lib/python3/dist-packages/graspit_interface/srv/_ForceRobotDOF.py
Symlinking /home/noelia/manipulacion_ws/devel/lib/python3/dist-packages/graspit_interface/srv/_SaveImage.py
Symlinking /home/noelia/manipulacion_ws/devel/lib/python3/dist-packages/graspit_interface/srv/_GetGraspableBodies.py
Symlinking /home/noelia/manipulacion_ws/devel/lib/python3/dist-packages/graspit_interface/srv/__init__.py
Symlinking /home/noelia/manipulacion_ws/devel/lib/python3/dist-packages/graspit_interface/srv/_GetBody.py
Symlinking /home/noelia/manipulacion_ws/devel/lib/python3/dist-packages/graspit_interface/srv/_DynamicAutoGraspComplete.py
Symlinking /home/noelia/manipulacion_ws/devel/lib/python3/dist-packages/graspit_interface/srv/_ImportGraspableBody.py
Symlinking /home/noelia/manipulacion_ws/devel/lib/python3/dist-packages/graspit_interface/srv/_AutoOpen.py
Symlinking /home/noelia/manipulacion_ws/devel/lib/python3/dist-packages/graspit_interface/srv/_GetRobots.py
Symlinking /home/noelia/manipulacion_ws/devel/lib/python3/dist-packages/graspit_interface/srv/_SetRobotPose.py
Symlinking /home/noelia/manipulacion_ws/devel/lib/python3/dist-packages/graspit_interface/srv/_SaveWorld.py
Symlinking /home/noelia/manipulacion_ws/devel/lib/python3/dist-packages/graspit_interface/srv/_GetRobot.py
Symlinking /home/noelia/manipulacion_ws/devel/lib/python3/dist-packages/graspit_interface/srv/_GetBodies.py
Symlinking /home/noelia/manipulacion_ws/devel/lib/python3/dist-packages/graspit_interface/srv/_ClearWorld.py
Symlinking /home/noelia/manipulacion_ws/devel/lib/python3/dist-packages/graspit_interface/srv/_SetGraspableBodyPose.py
Symlinking /home/noelia/manipulacion_ws/devel/lib/python3/dist-packages/graspit_interface/srv/_ImportObstacle.py
Symlinking /home/noelia/manipulacion_ws/devel/lib/python3/dist-packages/graspit_interface/srv/_AutoGrasp.py
Symlinking /home/noelia/manipulacion_ws/devel/lib/python3/dist-packages/graspit_interface/srv/_ToggleAllCollisions.py
Symlinking /home/noelia/manipulacion_ws/devel/lib/python3/dist-packages/graspit_interface/srv/_ComputeQuality.py
Symlinking /home/noelia/manipulacion_ws/devel/lib/python3/dist-packages/graspit_interface/srv/_SetDynamics.py
Symlinking /home/noelia/manipulacion_ws/devel/lib/python3/dist-packages/graspit_interface/srv/_GetDynamics.py
Symlinking /home/noelia/manipulacion_ws/devel/lib/python3/dist-packages/graspit_interface/srv/_GetGraspableBody.py
Symlinking /home/noelia/manipulacion_ws/devel/lib/python3/dist-packages/graspit_interface/srv/_ImportRobot.py
Symlinking /home/noelia/manipulacion_ws/devel/lib/python3/dist-packages/graspit_interface/srv/_MoveDOFToContacts.py
Symlinking /home/noelia/manipulacion_ws/devel/lib/python3/dist-packages/graspit_interface/srv/_ApproachToContact.py
Symlinking /home/noelia/manipulacion_ws/devel/lib/python3/dist-packages/graspit_interface/srv/_ComputeEnergy.py
Symlinking /home/noelia/manipulacion_ws/devel/lib/python3/dist-packages/graspit_interface/srv/_SetRobotDesiredDOF.py
Symlinking /home/noelia/manipulacion_ws/devel/lib/python3/dist-packages/graspit_interface/srv/_SetBodyPose.py
Symlinking /home/noelia/manipulacion_ws/devel/lib/python3/dist-packages/graspit_interface/srv/_LoadWorld.py
Symlinking /home/noelia/manipulacion_ws/devel/lib/python3/dist-packages/graspit_interface/msg/_PlanGraspsGoal.py
Symlinking /home/noelia/manipulacion_ws/devel/lib/python3/dist-packages/graspit_interface/msg/_SimAnnParams.py
Symlinking /home/noelia/manipulacion_ws/devel/lib/python3/dist-packages/graspit_interface/msg/__init__.py
Symlinking /home/noelia/manipulacion_ws/devel/lib/python3/dist-packages/graspit_interface/msg/_Contact.py
Symlinking /home/noelia/manipulacion_ws/devel/lib/python3/dist-packages/graspit_interface/msg/_PlanGraspsActionFeedback.py
Symlinking /home/noelia/manipulacion_ws/devel/lib/python3/dist-packages/graspit_interface/msg/_Body.py
Symlinking /home/noelia/manipulacion_ws/devel/lib/python3/dist-packages/graspit_interface/msg/_Energy.py
Symlinking /home/noelia/manipulacion_ws/devel/lib/python3/dist-packages/graspit_interface/msg/_PlanGraspsAction.py
Symlinking /home/noelia/manipulacion_ws/devel/lib/python3/dist-packages/graspit_interface/msg/_TactileSensorData.py
Symlinking /home/noelia/manipulacion_ws/devel/lib/python3/dist-packages/graspit_interface/msg/_Robot.py
Symlinking /home/noelia/manipulacion_ws/devel/lib/python3/dist-packages/graspit_interface/msg/_PlanGraspsResult.py
Symlinking /home/noelia/manipulacion_ws/devel/lib/python3/dist-packages/graspit_interface/msg/_Grasp.py
Symlinking /home/noelia/manipulacion_ws/devel/lib/python3/dist-packages/graspit_interface/msg/_SearchContact.py
Symlinking /home/noelia/manipulacion_ws/devel/lib/python3/dist-packages/graspit_interface/msg/_PlanGraspsFeedback.py
Symlinking /home/noelia/manipulacion_ws/devel/lib/python3/dist-packages/graspit_interface/msg/_PlanGraspsActionResult.py
Symlinking /home/noelia/manipulacion_ws/devel/lib/python3/dist-packages/graspit_interface/msg/_SearchSpace.py
Symlinking /home/noelia/manipulacion_ws/devel/lib/python3/dist-packages/graspit_interface/msg/_GraspableBody.py
Symlinking /home/noelia/manipulacion_ws/devel/lib/python3/dist-packages/graspit_interface/msg/_Planner.py
Symlinking /home/noelia/manipulacion_ws/devel/lib/python3/dist-packages/graspit_interface/msg/_PlanGraspsActionGoal.py
Symlinking /home/noelia/manipulacion_ws/devel/lib/pkgconfig/graspit_interface.pc
Symlinking /home/noelia/manipulacion_ws/devel/include/graspit_interface/ImportObstacle.h
Symlinking /home/noelia/manipulacion_ws/devel/include/graspit_interface/ComputeQuality.h
Symlinking /home/noelia/manipulacion_ws/devel/include/graspit_interface/GetBody.h
Symlinking /home/noelia/manipulacion_ws/devel/include/graspit_interface/GetBodyResponse.h
Symlinking /home/noelia/manipulacion_ws/devel/include/graspit_interface/GetBodiesRequest.h
Symlinking /home/noelia/manipulacion_ws/devel/include/graspit_interface/PlanGraspsActionFeedback.h
Symlinking /home/noelia/manipulacion_ws/devel/include/graspit_interface/ImportObstacleRequest.h
Symlinking /home/noelia/manipulacion_ws/devel/include/graspit_interface/ToggleAllCollisionsRequest.h
Symlinking /home/noelia/manipulacion_ws/devel/include/graspit_interface/PlanGraspsResult.h
Symlinking /home/noelia/manipulacion_ws/devel/include/graspit_interface/AutoGraspRequest.h
Symlinking /home/noelia/manipulacion_ws/devel/include/graspit_interface/GetBodiesResponse.h
Symlinking /home/noelia/manipulacion_ws/devel/include/graspit_interface/Robot.h
Symlinking /home/noelia/manipulacion_ws/devel/include/graspit_interface/ForceRobotDOFResponse.h
Symlinking /home/noelia/manipulacion_ws/devel/include/graspit_interface/SetGraspableBodyPoseResponse.h
Symlinking /home/noelia/manipulacion_ws/devel/include/graspit_interface/MoveDOFToContacts.h
Symlinking /home/noelia/manipulacion_ws/devel/include/graspit_interface/GetDynamicsRequest.h
Symlinking /home/noelia/manipulacion_ws/devel/include/graspit_interface/AutoOpenRequest.h
Symlinking /home/noelia/manipulacion_ws/devel/include/graspit_interface/SaveImageRequest.h
Symlinking /home/noelia/manipulacion_ws/devel/include/graspit_interface/ComputeQualityResponse.h
Symlinking /home/noelia/manipulacion_ws/devel/include/graspit_interface/SearchContact.h
Symlinking /home/noelia/manipulacion_ws/devel/include/graspit_interface/ForceRobotDOFRequest.h
Symlinking /home/noelia/manipulacion_ws/devel/include/graspit_interface/SetBodyPoseRequest.h
Symlinking /home/noelia/manipulacion_ws/devel/include/graspit_interface/ToggleAllCollisionsResponse.h
Symlinking /home/noelia/manipulacion_ws/devel/include/graspit_interface/GetGraspableBodyResponse.h
Symlinking /home/noelia/manipulacion_ws/devel/include/graspit_interface/Energy.h
Symlinking /home/noelia/manipulacion_ws/devel/include/graspit_interface/SetRobotPose.h
Symlinking /home/noelia/manipulacion_ws/devel/include/graspit_interface/SetRobotPoseRequest.h
Symlinking /home/noelia/manipulacion_ws/devel/include/graspit_interface/GraspableBody.h
Symlinking /home/noelia/manipulacion_ws/devel/include/graspit_interface/SetDynamics.h
Symlinking /home/noelia/manipulacion_ws/devel/include/graspit_interface/Grasp.h
Symlinking /home/noelia/manipulacion_ws/devel/include/graspit_interface/GetRobotsRequest.h
Symlinking /home/noelia/manipulacion_ws/devel/include/graspit_interface/ApproachToContactResponse.h
Symlinking /home/noelia/manipulacion_ws/devel/include/graspit_interface/DynamicAutoGraspComplete.h
Symlinking /home/noelia/manipulacion_ws/devel/include/graspit_interface/ForceRobotDOF.h
Symlinking /home/noelia/manipulacion_ws/devel/include/graspit_interface/MoveDOFToContactsRequest.h
Symlinking /home/noelia/manipulacion_ws/devel/include/graspit_interface/ComputeEnergyResponse.h
Symlinking /home/noelia/manipulacion_ws/devel/include/graspit_interface/LoadWorld.h
Symlinking /home/noelia/manipulacion_ws/devel/include/graspit_interface/ClearWorldRequest.h
Symlinking /home/noelia/manipulacion_ws/devel/include/graspit_interface/DynamicAutoGraspCompleteResponse.h
Symlinking /home/noelia/manipulacion_ws/devel/include/graspit_interface/PlanGraspsFeedback.h
Symlinking /home/noelia/manipulacion_ws/devel/include/graspit_interface/GetDynamics.h
Symlinking /home/noelia/manipulacion_ws/devel/include/graspit_interface/SaveWorldResponse.h
Symlinking /home/noelia/manipulacion_ws/devel/include/graspit_interface/LoadWorldResponse.h
Symlinking /home/noelia/manipulacion_ws/devel/include/graspit_interface/ApproachToContact.h
Symlinking /home/noelia/manipulacion_ws/devel/include/graspit_interface/ImportRobotResponse.h
Symlinking /home/noelia/manipulacion_ws/devel/include/graspit_interface/GetGraspableBodiesResponse.h
Symlinking /home/noelia/manipulacion_ws/devel/include/graspit_interface/SetGraspableBodyPoseRequest.h
Symlinking /home/noelia/manipulacion_ws/devel/include/graspit_interface/FindInitialContact.h
Symlinking /home/noelia/manipulacion_ws/devel/include/graspit_interface/SearchSpace.h
Symlinking /home/noelia/manipulacion_ws/devel/include/graspit_interface/SetRobotPoseResponse.h
Symlinking /home/noelia/manipulacion_ws/devel/include/graspit_interface/AutoOpenResponse.h
Symlinking /home/noelia/manipulacion_ws/devel/include/graspit_interface/ImportGraspableBody.h
Symlinking /home/noelia/manipulacion_ws/devel/include/graspit_interface/MoveDOFToContactsResponse.h
Symlinking /home/noelia/manipulacion_ws/devel/include/graspit_interface/ClearWorld.h
Symlinking /home/noelia/manipulacion_ws/devel/include/graspit_interface/LoadWorldRequest.h
Symlinking /home/noelia/manipulacion_ws/devel/include/graspit_interface/GetRobotsResponse.h
Symlinking /home/noelia/manipulacion_ws/devel/include/graspit_interface/ToggleAllCollisions.h
Symlinking /home/noelia/manipulacion_ws/devel/include/graspit_interface/FindInitialContactRequest.h
Symlinking /home/noelia/manipulacion_ws/devel/include/graspit_interface/GetRobotResponse.h
Symlinking /home/noelia/manipulacion_ws/devel/include/graspit_interface/Body.h
Symlinking /home/noelia/manipulacion_ws/devel/include/graspit_interface/GetDynamicsResponse.h
Symlinking /home/noelia/manipulacion_ws/devel/include/graspit_interface/DynamicAutoGraspCompleteRequest.h
Symlinking /home/noelia/manipulacion_ws/devel/include/graspit_interface/Planner.h
Symlinking /home/noelia/manipulacion_ws/devel/include/graspit_interface/TactileSensorData.h
Symlinking /home/noelia/manipulacion_ws/devel/include/graspit_interface/SaveWorld.h
Symlinking /home/noelia/manipulacion_ws/devel/include/graspit_interface/SetRobotDesiredDOF.h
Symlinking /home/noelia/manipulacion_ws/devel/include/graspit_interface/SetBodyPoseResponse.h
Symlinking /home/noelia/manipulacion_ws/devel/include/graspit_interface/SetRobotDesiredDOFRequest.h
Symlinking /home/noelia/manipulacion_ws/devel/include/graspit_interface/AutoGraspResponse.h
Symlinking /home/noelia/manipulacion_ws/devel/include/graspit_interface/AutoOpen.h
Symlinking /home/noelia/manipulacion_ws/devel/include/graspit_interface/PlanGraspsActionResult.h
Symlinking /home/noelia/manipulacion_ws/devel/include/graspit_interface/ComputeEnergy.h
Symlinking /home/noelia/manipulacion_ws/devel/include/graspit_interface/ApproachToContactRequest.h
Symlinking /home/noelia/manipulacion_ws/devel/include/graspit_interface/SetBodyPose.h
Symlinking /home/noelia/manipulacion_ws/devel/include/graspit_interface/GetRobot.h
Symlinking /home/noelia/manipulacion_ws/devel/include/graspit_interface/FindInitialContactResponse.h
Symlinking /home/noelia/manipulacion_ws/devel/include/graspit_interface/PlanGraspsActionGoal.h
Symlinking /home/noelia/manipulacion_ws/devel/include/graspit_interface/PlanGraspsAction.h
Symlinking /home/noelia/manipulacion_ws/devel/include/graspit_interface/SetRobotDesiredDOFResponse.h
Symlinking /home/noelia/manipulacion_ws/devel/include/graspit_interface/GetGraspableBodyRequest.h
Symlinking /home/noelia/manipulacion_ws/devel/include/graspit_interface/ImportObstacleResponse.h
Symlinking /home/noelia/manipulacion_ws/devel/include/graspit_interface/SimAnnParams.h
Symlinking /home/noelia/manipulacion_ws/devel/include/graspit_interface/ImportRobot.h
Symlinking /home/noelia/manipulacion_ws/devel/include/graspit_interface/ComputeQualityRequest.h
Symlinking /home/noelia/manipulacion_ws/devel/include/graspit_interface/Contact.h
Symlinking /home/noelia/manipulacion_ws/devel/include/graspit_interface/SaveImage.h
Symlinking /home/noelia/manipulacion_ws/devel/include/graspit_interface/SetDynamicsRequest.h
Symlinking /home/noelia/manipulacion_ws/devel/include/graspit_interface/SaveWorldRequest.h
Symlinking /home/noelia/manipulacion_ws/devel/include/graspit_interface/GetGraspableBody.h
Symlinking /home/noelia/manipulacion_ws/devel/include/graspit_interface/GetGraspableBodies.h
Symlinking /home/noelia/manipulacion_ws/devel/include/graspit_interface/SetGraspableBodyPose.h
Symlinking /home/noelia/manipulacion_ws/devel/include/graspit_interface/AutoGrasp.h
Symlinking /home/noelia/manipulacion_ws/devel/include/graspit_interface/ImportGraspableBodyResponse.h
Symlinking /home/noelia/manipulacion_ws/devel/include/graspit_interface/GetGraspableBodiesRequest.h
Symlinking /home/noelia/manipulacion_ws/devel/include/graspit_interface/GetRobots.h
Symlinking /home/noelia/manipulacion_ws/devel/include/graspit_interface/ImportGraspableBodyRequest.h
Symlinking /home/noelia/manipulacion_ws/devel/include/graspit_interface/GetBodies.h
Symlinking /home/noelia/manipulacion_ws/devel/include/graspit_interface/SetDynamicsResponse.h
Symlinking /home/noelia/manipulacion_ws/devel/include/graspit_interface/GetRobotRequest.h
Symlinking /home/noelia/manipulacion_ws/devel/include/graspit_interface/GetBodyRequest.h
Symlinking /home/noelia/manipulacion_ws/devel/include/graspit_interface/SaveImageResponse.h
Symlinking /home/noelia/manipulacion_ws/devel/include/graspit_interface/ClearWorldResponse.h
Symlinking /home/noelia/manipulacion_ws/devel/include/graspit_interface/ImportRobotRequest.h
Symlinking /home/noelia/manipulacion_ws/devel/include/graspit_interface/ComputeEnergyRequest.h
Symlinking /home/noelia/manipulacion_ws/devel/include/graspit_interface/PlanGraspsGoal.h
